{"/Users/raviteja/demo/src/App.tsx": {"path":"/Users/raviteja/demo/src/App.tsx","statementMap":{"0":{"start":{"line":18,"column":13},"end":{"line":18,"column":35}},"1":{"start":{"line":19,"column":30},"end":{"line":26,"column":3}},"2":{"start":{"line":27,"column":29},"end":{"line":34,"column":3}},"3":{"start":{"line":35,"column":28},"end":{"line":39,"column":3}},"4":{"start":{"line":40,"column":31},"end":{"line":42,"column":3}},"5":{"start":{"line":43,"column":40},"end":{"line":45,"column":3}},"6":{"start":{"line":46,"column":31},"end":{"line":50,"column":3}},"7":{"start":{"line":51,"column":37},"end":{"line":53,"column":3}},"8":{"start":{"line":54,"column":42},"end":{"line":56,"column":3}},"9":{"start":{"line":57,"column":51},"end":{"line":59,"column":3}},"10":{"start":{"line":60,"column":53},"end":{"line":62,"column":3}},"11":{"start":{"line":64,"column":2},"end":{"line":213,"column":4}}},"fnMap":{"0":{"name":"App","decl":{"start":{"line":17,"column":9},"end":{"line":17,"column":12}},"loc":{"start":{"line":17,"column":15},"end":{"line":214,"column":1}},"line":17}},"branchMap":{},"s":{"0":7,"1":7,"2":7,"3":7,"4":7,"5":7,"6":7,"7":7,"8":7,"9":7,"10":7,"11":7},"f":{"0":7},"b":{},"_coverageSchema":"1a1c01bbd47fc00a2c39e90264f33305004495a9","hash":"d28ef1c806d882f6234758198a1195a0e07051a4"}
,"/Users/raviteja/demo/src/index.tsx": {"path":"/Users/raviteja/demo/src/index.tsx","statementMap":{"0":{"start":{"line":7,"column":13},"end":{"line":7,"column":71}},"1":{"start":{"line":9,"column":0},"end":{"line":13,"column":2}}},"fnMap":{},"branchMap":{},"s":{"0":0,"1":0},"f":{},"b":{}}
,"/Users/raviteja/demo/src/CommonComponents/CustomDateComponent.tsx": {"path":"/Users/raviteja/demo/src/CommonComponents/CustomDateComponent.tsx","statementMap":{"0":{"start":{"line":42,"column":64},"end":{"line":202,"column":1}},"1":{"start":{"line":43,"column":20},"end":{"line":43,"column":67}},"2":{"start":{"line":44,"column":42},"end":{"line":44,"column":77}},"3":{"start":{"line":45,"column":30},"end":{"line":45,"column":50}},"4":{"start":{"line":48,"column":25},"end":{"line":48,"column":59}},"5":{"start":{"line":49,"column":27},"end":{"line":64,"column":3}},"6":{"start":{"line":50,"column":4},"end":{"line":50,"column":26}},"7":{"start":{"line":51,"column":4},"end":{"line":51,"column":51}},"8":{"start":{"line":52,"column":4},"end":{"line":52,"column":48}},"9":{"start":{"line":53,"column":4},"end":{"line":53,"column":30}},"10":{"start":{"line":54,"column":4},"end":{"line":54,"column":64}},"11":{"start":{"line":55,"column":4},"end":{"line":63,"column":5}},"12":{"start":{"line":56,"column":6},"end":{"line":56,"column":60}},"13":{"start":{"line":57,"column":6},"end":{"line":59,"column":8}},"14":{"start":{"line":61,"column":6},"end":{"line":61,"column":62}},"15":{"start":{"line":62,"column":6},"end":{"line":62,"column":20}},"16":{"start":{"line":65,"column":2},"end":{"line":201,"column":4}},"17":{"start":{"line":159,"column":31},"end":{"line":159,"column":59}},"18":{"start":{"line":160,"column":25},"end":{"line":160,"column":55}}},"fnMap":{"0":{"name":"(anonymous_0)","decl":{"start":{"line":42,"column":64},"end":{"line":42,"column":65}},"loc":{"start":{"line":42,"column":75},"end":{"line":202,"column":1}},"line":42},"1":{"name":"(anonymous_1)","decl":{"start":{"line":49,"column":27},"end":{"line":49,"column":28}},"loc":{"start":{"line":49,"column":37},"end":{"line":64,"column":3}},"line":49},"2":{"name":"(anonymous_2)","decl":{"start":{"line":159,"column":25},"end":{"line":159,"column":26}},"loc":{"start":{"line":159,"column":31},"end":{"line":159,"column":59}},"line":159},"3":{"name":"(anonymous_3)","decl":{"start":{"line":160,"column":19},"end":{"line":160,"column":20}},"loc":{"start":{"line":160,"column":25},"end":{"line":160,"column":55}},"line":160}},"branchMap":{"0":{"loc":{"start":{"line":43,"column":20},"end":{"line":43,"column":67}},"type":"cond-expr","locations":[{"start":{"line":43,"column":39},"end":{"line":43,"column":54}},{"start":{"line":43,"column":57},"end":{"line":43,"column":67}}],"line":43},"1":{"loc":{"start":{"line":55,"column":4},"end":{"line":63,"column":5}},"type":"if","locations":[{"start":{"line":55,"column":4},"end":{"line":63,"column":5}},{"start":{"line":60,"column":11},"end":{"line":63,"column":5}}],"line":55},"2":{"loc":{"start":{"line":83,"column":14},"end":{"line":85,"column":38}},"type":"cond-expr","locations":[{"start":{"line":84,"column":18},"end":{"line":84,"column":27}},{"start":{"line":85,"column":18},"end":{"line":85,"column":38}}],"line":83}},"s":{"0":2,"1":82,"2":82,"3":82,"4":82,"5":82,"6":3,"7":3,"8":3,"9":3,"10":3,"11":3,"12":1,"13":1,"14":2,"15":2,"16":82,"17":1,"18":3},"f":{"0":82,"1":3,"2":1,"3":3},"b":{"0":[66,16],"1":[1,2],"2":[51,31]},"_coverageSchema":"1a1c01bbd47fc00a2c39e90264f33305004495a9","hash":"81d02a28db4cba38a63fa3e26d8e9bc042bb6152"}
,"/Users/raviteja/demo/src/CommonComponents/DesktopDatePickerComponent.tsx": {"path":"/Users/raviteja/demo/src/CommonComponents/DesktopDatePickerComponent.tsx","statementMap":{"0":{"start":{"line":20,"column":28},"end":{"line":20,"column":62}},"1":{"start":{"line":22,"column":23},"end":{"line":24,"column":3}},"2":{"start":{"line":23,"column":4},"end":{"line":23,"column":23}},"3":{"start":{"line":26,"column":28},"end":{"line":42,"column":3}},"4":{"start":{"line":44,"column":2},"end":{"line":101,"column":4}}},"fnMap":{"0":{"name":"DesktopDatePickerComponent","decl":{"start":{"line":18,"column":24},"end":{"line":18,"column":50}},"loc":{"start":{"line":18,"column":53},"end":{"line":102,"column":1}},"line":18},"1":{"name":"(anonymous_1)","decl":{"start":{"line":22,"column":23},"end":{"line":22,"column":24}},"loc":{"start":{"line":22,"column":37},"end":{"line":24,"column":3}},"line":22}},"branchMap":{},"s":{"0":0,"1":0,"2":0,"3":0,"4":0},"f":{"0":0,"1":0},"b":{}}
,"/Users/raviteja/demo/src/CommonComponents/ThemedDatePickerComponent.tsx": {"path":"/Users/raviteja/demo/src/CommonComponents/ThemedDatePickerComponent.tsx","statementMap":{"0":{"start":{"line":22,"column":67},"end":{"line":31,"column":1}},"1":{"start":{"line":23,"column":2},"end":{"line":23,"column":30}},"2":{"start":{"line":24,"column":2},"end":{"line":30,"column":4}}},"fnMap":{"0":{"name":"(anonymous_0)","decl":{"start":{"line":22,"column":67},"end":{"line":22,"column":68}},"loc":{"start":{"line":22,"column":78},"end":{"line":31,"column":1}},"line":22}},"branchMap":{},"s":{"0":2,"1":7,"2":7},"f":{"0":7},"b":{},"_coverageSchema":"1a1c01bbd47fc00a2c39e90264f33305004495a9","hash":"5b23cde40ccc281c1aac0ced0aea05be06f00695"}
,"/Users/raviteja/demo/src/Themes/Theme.jsx": {"path":"/Users/raviteja/demo/src/Themes/Theme.jsx","statementMap":{"0":{"start":{"line":3,"column":28},"end":{"line":10,"column":1}},"1":{"start":{"line":11,"column":27},"end":{"line":18,"column":1}},"2":{"start":{"line":19,"column":26},"end":{"line":23,"column":1}},"3":{"start":{"line":24,"column":29},"end":{"line":26,"column":1}},"4":{"start":{"line":27,"column":38},"end":{"line":29,"column":1}},"5":{"start":{"line":30,"column":29},"end":{"line":34,"column":1}},"6":{"start":{"line":36,"column":24},"end":{"line":88,"column":2}}},"fnMap":{},"branchMap":{},"s":{"0":2,"1":2,"2":2,"3":2,"4":2,"5":2,"6":2},"f":{},"b":{},"_coverageSchema":"1a1c01bbd47fc00a2c39e90264f33305004495a9","hash":"fc81d87714fbb4cf6eb65ccedbe01dbf7101995a"}
,"/Users/raviteja/demo/src/components/DatePickerUsingMoment.jsx": {"path":"/Users/raviteja/demo/src/components/DatePickerUsingMoment.jsx","statementMap":{"0":{"start":{"line":9,"column":44},"end":{"line":9,"column":62}},"1":{"start":{"line":10,"column":44},"end":{"line":10,"column":62}},"2":{"start":{"line":13,"column":27},"end":{"line":15,"column":3}},"3":{"start":{"line":14,"column":4},"end":{"line":14,"column":27}},"4":{"start":{"line":16,"column":28},"end":{"line":18,"column":3}},"5":{"start":{"line":17,"column":4},"end":{"line":17,"column":27}},"6":{"start":{"line":20,"column":2},"end":{"line":49,"column":3}},"7":{"start":{"line":26,"column":10},"end":{"line":29,"column":13}},"8":{"start":{"line":39,"column":10},"end":{"line":42,"column":13}}},"fnMap":{"0":{"name":"DatePickerUsingMoment","decl":{"start":{"line":7,"column":24},"end":{"line":7,"column":45}},"loc":{"start":{"line":7,"column":60},"end":{"line":50,"column":1}},"line":7},"1":{"name":"(anonymous_1)","decl":{"start":{"line":13,"column":27},"end":{"line":13,"column":28}},"loc":{"start":{"line":13,"column":37},"end":{"line":15,"column":3}},"line":13},"2":{"name":"(anonymous_2)","decl":{"start":{"line":16,"column":28},"end":{"line":16,"column":29}},"loc":{"start":{"line":16,"column":38},"end":{"line":18,"column":3}},"line":16},"3":{"name":"(anonymous_3)","decl":{"start":{"line":25,"column":21},"end":{"line":25,"column":22}},"loc":{"start":{"line":26,"column":10},"end":{"line":29,"column":13}},"line":26},"4":{"name":"(anonymous_4)","decl":{"start":{"line":38,"column":21},"end":{"line":38,"column":22}},"loc":{"start":{"line":39,"column":10},"end":{"line":42,"column":13}},"line":39}},"branchMap":{},"s":{"0":0,"1":0,"2":0,"3":0,"4":0,"5":0,"6":0,"7":0,"8":0},"f":{"0":0,"1":0,"2":0,"3":0,"4":0},"b":{}}
,"/Users/raviteja/demo/src/components/DesktopDatePicker.jsx": {"path":"/Users/raviteja/demo/src/components/DesktopDatePicker.jsx","statementMap":{"0":{"start":{"line":8,"column":42},"end":{"line":8,"column":62}},"1":{"start":{"line":11,"column":27},"end":{"line":13,"column":3}},"2":{"start":{"line":12,"column":4},"end":{"line":12,"column":26}},"3":{"start":{"line":15,"column":2},"end":{"line":34,"column":4}},"4":{"start":{"line":21,"column":10},"end":{"line":24,"column":13}}},"fnMap":{"0":{"name":"DesktopDatePicker","decl":{"start":{"line":6,"column":24},"end":{"line":6,"column":41}},"loc":{"start":{"line":6,"column":56},"end":{"line":35,"column":1}},"line":6},"1":{"name":"(anonymous_1)","decl":{"start":{"line":11,"column":27},"end":{"line":11,"column":28}},"loc":{"start":{"line":11,"column":37},"end":{"line":13,"column":3}},"line":11},"2":{"name":"(anonymous_2)","decl":{"start":{"line":20,"column":21},"end":{"line":20,"column":22}},"loc":{"start":{"line":21,"column":10},"end":{"line":24,"column":13}},"line":21}},"branchMap":{},"s":{"0":0,"1":0,"2":0,"3":0,"4":0},"f":{"0":0,"1":0,"2":0},"b":{}}
}
