TN:
SF:src/App.tsx
FN:17,App
FNF:1
FNH:1
FNDA:7,App
DA:18,7
DA:19,7
DA:27,7
DA:35,7
DA:40,7
DA:43,7
DA:46,7
DA:51,7
DA:54,7
DA:57,7
DA:60,7
DA:64,7
LF:12
LH:12
BRF:0
BRH:0
end_of_record
TN:
SF:src/index.tsx
FNF:0
FNH:0
DA:7,0
DA:9,0
LF:2
LH:0
BRF:0
BRH:0
end_of_record
TN:
SF:src/CommonComponents/CustomDateComponent.tsx
FN:42,(anonymous_0)
FN:49,(anonymous_1)
FN:159,(anonymous_2)
FN:160,(anonymous_3)
FNF:4
FNH:4
FNDA:82,(anonymous_0)
FNDA:3,(anonymous_1)
FNDA:1,(anonymous_2)
FNDA:3,(anonymous_3)
DA:42,2
DA:43,82
DA:44,82
DA:45,82
DA:48,82
DA:49,82
DA:50,3
DA:51,3
DA:52,3
DA:53,3
DA:54,3
DA:55,3
DA:56,1
DA:57,1
DA:61,2
DA:62,2
DA:65,82
DA:159,1
DA:160,3
LF:19
LH:19
BRDA:43,0,0,66
BRDA:43,0,1,16
BRDA:55,1,0,1
BRDA:55,1,1,2
BRDA:83,2,0,51
BRDA:83,2,1,31
BRF:6
BRH:6
end_of_record
TN:
SF:src/CommonComponents/DesktopDatePickerComponent.tsx
FN:18,DesktopDatePickerComponent
FN:22,(anonymous_1)
FNF:2
FNH:0
FNDA:0,DesktopDatePickerComponent
FNDA:0,(anonymous_1)
DA:20,0
DA:22,0
DA:23,0
DA:26,0
DA:44,0
LF:5
LH:0
BRF:0
BRH:0
end_of_record
TN:
SF:src/CommonComponents/ThemedDatePickerComponent.tsx
FN:22,(anonymous_0)
FNF:1
FNH:1
FNDA:7,(anonymous_0)
DA:22,2
DA:23,7
DA:24,7
LF:3
LH:3
BRF:0
BRH:0
end_of_record
TN:
SF:src/Themes/Theme.jsx
FNF:0
FNH:0
DA:3,2
DA:11,2
DA:19,2
DA:24,2
DA:27,2
DA:30,2
DA:36,2
LF:7
LH:7
BRF:0
BRH:0
end_of_record
TN:
SF:src/components/DatePickerUsingMoment.jsx
FN:7,DatePickerUsingMoment
FN:13,(anonymous_1)
FN:16,(anonymous_2)
FN:25,(anonymous_3)
FN:38,(anonymous_4)
FNF:5
FNH:0
FNDA:0,DatePickerUsingMoment
FNDA:0,(anonymous_1)
FNDA:0,(anonymous_2)
FNDA:0,(anonymous_3)
FNDA:0,(anonymous_4)
DA:9,0
DA:10,0
DA:13,0
DA:14,0
DA:16,0
DA:17,0
DA:20,0
DA:26,0
DA:39,0
LF:9
LH:0
BRF:0
BRH:0
end_of_record
TN:
SF:src/components/DesktopDatePicker.jsx
FN:6,DesktopDatePicker
FN:11,(anonymous_1)
FN:20,(anonymous_2)
FNF:3
FNH:0
FNDA:0,DesktopDatePicker
FNDA:0,(anonymous_1)
FNDA:0,(anonymous_2)
DA:8,0
DA:11,0
DA:12,0
DA:15,0
DA:21,0
LF:5
LH:0
BRF:0
BRH:0
end_of_record
